{"uuid":"d7a405fb-4758-43eb-8c3e-656e185b2ad9","historyId":"1d71d7ae3553c0b81664dc1302804cd6","fullName":"ru.mail.example.HoroNextYear_Test.click_horo_filter_tab","labels":[{"name":"package","value":"ru.mail.example"},{"name":"testClass","value":"ru.mail.example.HoroNextYear_Test"},{"name":"testMethod","value":"click_horo_filter_tab"},{"name":"suite","value":"Проверяем переключение года на странице проекта \"Гороскоп\""},{"name":"host","value":"katya-W65-67SB"},{"name":"thread","value":"10810@katya-W65-67SB.main(1)"},{"name":"severity","value":"blocker"}],"links":[],"name":"click_horo_filter_tab","status":"broken","statusDetails":{"known":false,"muted":false,"flaky":false,"message":"java.lang.reflect.InvocationTargetException","trace":"java.lang.RuntimeException: java.lang.reflect.InvocationTargetException\n\tat org.openqa.selenium.support.PageFactory.instantiatePage(PageFactory.java:138)\n\tat org.openqa.selenium.support.PageFactory.initElements(PageFactory.java:64)\n\tat ru.mail.example.steps.elements.FilterHoroYearElementSteps.getFilterHoroElement(FilterHoroYearElementSteps.java:26)\n\tat ru.mail.example.steps.elements.FilterHoroYearElementSteps.filterTabShouldBeActive(FilterHoroYearElementSteps.java:33)\n\tat ru.mail.example.HoroNextYear_Test.click_horo_filter_tab(HoroNextYear_Test.java:66)\n\tat sun.reflect.NativeMethodAccessorImpl.invoke0(Native Method)\n\tat sun.reflect.NativeMethodAccessorImpl.invoke(NativeMethodAccessorImpl.java:62)\n\tat sun.reflect.DelegatingMethodAccessorImpl.invoke(DelegatingMethodAccessorImpl.java:43)\n\tat java.lang.reflect.Method.invoke(Method.java:498)\n\tat org.junit.runners.model.FrameworkMethod$1.runReflectiveCall(FrameworkMethod.java:50)\n\tat org.junit.internal.runners.model.ReflectiveCallable.run(ReflectiveCallable.java:12)\n\tat org.junit.runners.model.FrameworkMethod.invokeExplosively(FrameworkMethod.java:47)\n\tat org.junit.internal.runners.statements.InvokeMethod.evaluate(InvokeMethod.java:17)\n\tat org.junit.internal.runners.statements.RunBefores.evaluate(RunBefores.java:26)\n\tat org.junit.internal.runners.statements.RunAfters.evaluate(RunAfters.java:27)\n\tat org.junit.runners.ParentRunner.runLeaf(ParentRunner.java:325)\n\tat org.junit.runners.BlockJUnit4ClassRunner.runChild(BlockJUnit4ClassRunner.java:78)\n\tat org.junit.runners.BlockJUnit4ClassRunner.runChild(BlockJUnit4ClassRunner.java:57)\n\tat org.junit.runners.ParentRunner$3.run(ParentRunner.java:290)\n\tat org.junit.runners.ParentRunner$1.schedule(ParentRunner.java:71)\n\tat org.junit.runners.ParentRunner.runChildren(ParentRunner.java:288)\n\tat org.junit.runners.ParentRunner.access$000(ParentRunner.java:58)\n\tat org.junit.runners.ParentRunner$2.evaluate(ParentRunner.java:268)\n\tat org.junit.runners.ParentRunner.run(ParentRunner.java:363)\n\tat org.apache.maven.surefire.junit4.JUnit4Provider.execute(JUnit4Provider.java:365)\n\tat org.apache.maven.surefire.junit4.JUnit4Provider.executeWithRerun(JUnit4Provider.java:272)\n\tat org.apache.maven.surefire.junit4.JUnit4Provider.executeTestSet(JUnit4Provider.java:236)\n\tat org.apache.maven.surefire.junit4.JUnit4Provider.invoke(JUnit4Provider.java:159)\n\tat sun.reflect.NativeMethodAccessorImpl.invoke0(Native Method)\n\tat sun.reflect.NativeMethodAccessorImpl.invoke(NativeMethodAccessorImpl.java:62)\n\tat sun.reflect.DelegatingMethodAccessorImpl.invoke(DelegatingMethodAccessorImpl.java:43)\n\tat java.lang.reflect.Method.invoke(Method.java:498)\n\tat org.apache.maven.surefire.util.ReflectionUtils.invokeMethodWithArray2(ReflectionUtils.java:202)\n\tat org.apache.maven.surefire.booter.ProviderFactory$ProviderProxy.invoke(ProviderFactory.java:158)\n\tat org.apache.maven.surefire.booter.ProviderFactory.invokeProvider(ProviderFactory.java:81)\n\tat org.apache.maven.plugin.surefire.InPluginVMSurefireStarter.runSuitesInProcess(InPluginVMSurefireStarter.java:84)\n\tat org.apache.maven.plugin.surefire.AbstractSurefireMojo.executeProvider(AbstractSurefireMojo.java:1060)\n\tat org.apache.maven.plugin.surefire.AbstractSurefireMojo.executeAfterPreconditionsChecked(AbstractSurefireMojo.java:907)\n\tat org.apache.maven.plugin.surefire.AbstractSurefireMojo.execute(AbstractSurefireMojo.java:785)\n\tat org.apache.maven.plugin.DefaultBuildPluginManager.executeMojo(DefaultBuildPluginManager.java:134)\n\tat org.apache.maven.lifecycle.internal.MojoExecutor.execute(MojoExecutor.java:207)\n\tat org.apache.maven.lifecycle.internal.MojoExecutor.execute(MojoExecutor.java:153)\n\tat org.apache.maven.lifecycle.internal.MojoExecutor.execute(MojoExecutor.java:145)\n\tat org.apache.maven.lifecycle.internal.LifecycleModuleBuilder.buildProject(LifecycleModuleBuilder.java:116)\n\tat org.apache.maven.lifecycle.internal.LifecycleModuleBuilder.buildProject(LifecycleModuleBuilder.java:80)\n\tat org.apache.maven.lifecycle.internal.builder.singlethreaded.SingleThreadedBuilder.build(SingleThreadedBuilder.java:51)\n\tat org.apache.maven.lifecycle.internal.LifecycleStarter.execute(LifecycleStarter.java:128)\n\tat org.apache.maven.DefaultMaven.doExecute(DefaultMaven.java:307)\n\tat org.apache.maven.DefaultMaven.doExecute(DefaultMaven.java:193)\n\tat org.apache.maven.DefaultMaven.execute(DefaultMaven.java:106)\n\tat org.apache.maven.cli.MavenCli.execute(MavenCli.java:863)\n\tat org.apache.maven.cli.MavenCli.doMain(MavenCli.java:288)\n\tat org.apache.maven.cli.MavenCli.main(MavenCli.java:199)\n\tat sun.reflect.NativeMethodAccessorImpl.invoke0(Native Method)\n\tat sun.reflect.NativeMethodAccessorImpl.invoke(NativeMethodAccessorImpl.java:62)\n\tat sun.reflect.DelegatingMethodAccessorImpl.invoke(DelegatingMethodAccessorImpl.java:43)\n\tat java.lang.reflect.Method.invoke(Method.java:498)\n\tat org.codehaus.plexus.classworlds.launcher.Launcher.launchEnhanced(Launcher.java:289)\n\tat org.codehaus.plexus.classworlds.launcher.Launcher.launch(Launcher.java:229)\n\tat org.codehaus.plexus.classworlds.launcher.Launcher.mainWithExitCode(Launcher.java:415)\n\tat org.codehaus.plexus.classworlds.launcher.Launcher.main(Launcher.java:356)\n\tat org.codehaus.classworlds.Launcher.main(Launcher.java:47)\nCaused by: java.lang.reflect.InvocationTargetException\n\tat sun.reflect.NativeConstructorAccessorImpl.newInstance0(Native Method)\n\tat sun.reflect.NativeConstructorAccessorImpl.newInstance(NativeConstructorAccessorImpl.java:62)\n\tat sun.reflect.DelegatingConstructorAccessorImpl.newInstance(DelegatingConstructorAccessorImpl.java:45)\n\tat java.lang.reflect.Constructor.newInstance(Constructor.java:423)\n\tat org.openqa.selenium.support.PageFactory.instantiatePage(PageFactory.java:129)\n\t... 61 more\nCaused by: java.lang.AssertionError: Компонент ru.mail.example.elements.filter.FilterHoroYearElement отсутствует на странице\n\tat org.junit.Assert.fail(Assert.java:88)\n\tat org.junit.Assert.assertTrue(Assert.java:41)\n\tat ru.mail.example.elements.ComponentObject.componentValidate(ComponentObject.java:33)\n\tat ru.mail.example.elements.ComponentObject.<init>(ComponentObject.java:21)\n\tat ru.mail.example.elements.filter.FilterHoroYearElement.<init>(FilterHoroYearElement.java:14)\n\t... 66 more\n"},"stage":"finished","start":1525091771497,"stop":1525091781619}